2014-03-06T00:00:42+00:00 ERR (3): 
exception 'Zend_Mail_Transport_Exception' with message 'Unable to send mail. mail(): Failed to connect to mailserver at "localhost" port 25, verify your "SMTP" and "smtp_port" setting in php.ini or use ini_set()' in C:\WampDeveloper\Websites\www.madiwin.com\webroot\lib\Zend\Mail\Transport\Sendmail.php:137
Stack trace:
#0 C:\WampDeveloper\Websites\www.madiwin.com\webroot\lib\Zend\Mail\Transport\Abstract.php(348): Zend_Mail_Transport_Sendmail->_sendMail()
#1 C:\WampDeveloper\Websites\www.madiwin.com\webroot\lib\Zend\Mail.php(1194): Zend_Mail_Transport_Abstract->send(Object(Zend_Mail))
#2 C:\WampDeveloper\Websites\www.madiwin.com\webroot\app\code\core\Mage\Core\Model\Email\Template.php(454): Zend_Mail->send()
#3 C:\WampDeveloper\Websites\www.madiwin.com\webroot\app\code\core\Mage\Core\Model\Email\Template.php(506): Mage_Core_Model_Email_Template->send(Array, Array, Array)
#4 C:\WampDeveloper\Websites\www.madiwin.com\webroot\app\code\core\Mage\Core\Model\Email\Template\Mailer.php(79): Mage_Core_Model_Email_Template->sendTransactional('customer_create...', 'general', Array, Array, Array, '1')
#5 C:\WampDeveloper\Websites\www.madiwin.com\webroot\app\code\core\Mage\Customer\Model\Customer.php(676): Mage_Core_Model_Email_Template_Mailer->send()
#6 C:\WampDeveloper\Websites\www.madiwin.com\webroot\app\code\core\Mage\Customer\Model\Customer.php(603): Mage_Customer_Model_Customer->_sendEmailTemplate('customer/create...', 'customer/create...', Array, '1')
#7 C:\WampDeveloper\Websites\www.madiwin.com\webroot\app\code\core\Mage\Checkout\Model\Type\Onepage.php(756): Mage_Customer_Model_Customer->sendNewAccountEmail('registered', '', '1')
#8 C:\WampDeveloper\Websites\www.madiwin.com\webroot\app\code\core\Mage\Checkout\Model\Type\Onepage.php(789): Mage_Checkout_Model_Type_Onepage->_involveNewCustomer()
#9 C:\WampDeveloper\Websites\www.madiwin.com\webroot\app\code\core\Mage\Checkout\controllers\OnepageController.php(579): Mage_Checkout_Model_Type_Onepage->saveOrder()
#10 C:\WampDeveloper\Websites\www.madiwin.com\webroot\app\code\core\Mage\Core\Controller\Varien\Action.php(418): Mage_Checkout_OnepageController->saveOrderAction()
#11 C:\WampDeveloper\Websites\www.madiwin.com\webroot\app\code\core\Mage\Core\Controller\Varien\Router\Standard.php(250): Mage_Core_Controller_Varien_Action->dispatch('saveOrder')
#12 C:\WampDeveloper\Websites\www.madiwin.com\webroot\app\code\core\Mage\Core\Controller\Varien\Front.php(172): Mage_Core_Controller_Varien_Router_Standard->match(Object(Mage_Core_Controller_Request_Http))
#13 C:\WampDeveloper\Websites\www.madiwin.com\webroot\app\code\core\Mage\Core\Model\App.php(354): Mage_Core_Controller_Varien_Front->dispatch()
#14 C:\WampDeveloper\Websites\www.madiwin.com\webroot\app\Mage.php(684): Mage_Core_Model_App->run(Array)
#15 C:\WampDeveloper\Websites\www.madiwin.com\webroot\index.php(87): Mage::run('', 'store')
#16 {main}
2014-03-06T00:01:47+00:00 ERR (3): 
exception 'Exception' with message 'PayPal IPN postback failure. See paypal_unknown_ipn.log for details.' in C:\WampDeveloper\Websites\www.madiwin.com\webroot\app\code\core\Mage\Paypal\Model\Ipn.php:157
Stack trace:
#0 C:\WampDeveloper\Websites\www.madiwin.com\webroot\app\code\core\Mage\Paypal\Model\Ipn.php(114): Mage_Paypal_Model_Ipn->_postBack(Object(Varien_Http_Adapter_Curl))
#1 C:\WampDeveloper\Websites\www.madiwin.com\webroot\app\code\core\Mage\Paypal\controllers\IpnController.php(43): Mage_Paypal_Model_Ipn->processIpnRequest(Array, Object(Varien_Http_Adapter_Curl))
#2 C:\WampDeveloper\Websites\www.madiwin.com\webroot\app\code\core\Mage\Core\Controller\Varien\Action.php(418): Mage_Paypal_IpnController->indexAction()
#3 C:\WampDeveloper\Websites\www.madiwin.com\webroot\app\code\core\Mage\Core\Controller\Varien\Router\Standard.php(250): Mage_Core_Controller_Varien_Action->dispatch('index')
#4 C:\WampDeveloper\Websites\www.madiwin.com\webroot\app\code\core\Mage\Core\Controller\Varien\Front.php(172): Mage_Core_Controller_Varien_Router_Standard->match(Object(Mage_Core_Controller_Request_Http))
#5 C:\WampDeveloper\Websites\www.madiwin.com\webroot\app\code\core\Mage\Core\Model\App.php(354): Mage_Core_Controller_Varien_Front->dispatch()
#6 C:\WampDeveloper\Websites\www.madiwin.com\webroot\app\Mage.php(684): Mage_Core_Model_App->run(Array)
#7 C:\WampDeveloper\Websites\www.madiwin.com\webroot\index.php(87): Mage::run('', 'store')
#8 {main}
2014-03-06T00:02:19+00:00 ERR (3): 
exception 'Exception' with message 'PayPal IPN postback failure. See paypal_unknown_ipn.log for details.' in C:\WampDeveloper\Websites\www.madiwin.com\webroot\app\code\core\Mage\Paypal\Model\Ipn.php:157
Stack trace:
#0 C:\WampDeveloper\Websites\www.madiwin.com\webroot\app\code\core\Mage\Paypal\Model\Ipn.php(114): Mage_Paypal_Model_Ipn->_postBack(Object(Varien_Http_Adapter_Curl))
#1 C:\WampDeveloper\Websites\www.madiwin.com\webroot\app\code\core\Mage\Paypal\controllers\IpnController.php(43): Mage_Paypal_Model_Ipn->processIpnRequest(Array, Object(Varien_Http_Adapter_Curl))
#2 C:\WampDeveloper\Websites\www.madiwin.com\webroot\app\code\core\Mage\Core\Controller\Varien\Action.php(418): Mage_Paypal_IpnController->indexAction()
#3 C:\WampDeveloper\Websites\www.madiwin.com\webroot\app\code\core\Mage\Core\Controller\Varien\Router\Standard.php(250): Mage_Core_Controller_Varien_Action->dispatch('index')
#4 C:\WampDeveloper\Websites\www.madiwin.com\webroot\app\code\core\Mage\Core\Controller\Varien\Front.php(172): Mage_Core_Controller_Varien_Router_Standard->match(Object(Mage_Core_Controller_Request_Http))
#5 C:\WampDeveloper\Websites\www.madiwin.com\webroot\app\code\core\Mage\Core\Model\App.php(354): Mage_Core_Controller_Varien_Front->dispatch()
#6 C:\WampDeveloper\Websites\www.madiwin.com\webroot\app\Mage.php(684): Mage_Core_Model_App->run(Array)
#7 C:\WampDeveloper\Websites\www.madiwin.com\webroot\index.php(87): Mage::run('', 'store')
#8 {main}
2014-03-06T00:02:58+00:00 ERR (3): 
exception 'Exception' with message 'PayPal IPN postback failure. See paypal_unknown_ipn.log for details.' in C:\WampDeveloper\Websites\www.madiwin.com\webroot\app\code\core\Mage\Paypal\Model\Ipn.php:157
Stack trace:
#0 C:\WampDeveloper\Websites\www.madiwin.com\webroot\app\code\core\Mage\Paypal\Model\Ipn.php(114): Mage_Paypal_Model_Ipn->_postBack(Object(Varien_Http_Adapter_Curl))
#1 C:\WampDeveloper\Websites\www.madiwin.com\webroot\app\code\core\Mage\Paypal\controllers\IpnController.php(43): Mage_Paypal_Model_Ipn->processIpnRequest(Array, Object(Varien_Http_Adapter_Curl))
#2 C:\WampDeveloper\Websites\www.madiwin.com\webroot\app\code\core\Mage\Core\Controller\Varien\Action.php(418): Mage_Paypal_IpnController->indexAction()
#3 C:\WampDeveloper\Websites\www.madiwin.com\webroot\app\code\core\Mage\Core\Controller\Varien\Router\Standard.php(250): Mage_Core_Controller_Varien_Action->dispatch('index')
#4 C:\WampDeveloper\Websites\www.madiwin.com\webroot\app\code\core\Mage\Core\Controller\Varien\Front.php(172): Mage_Core_Controller_Varien_Router_Standard->match(Object(Mage_Core_Controller_Request_Http))
#5 C:\WampDeveloper\Websites\www.madiwin.com\webroot\app\code\core\Mage\Core\Model\App.php(354): Mage_Core_Controller_Varien_Front->dispatch()
#6 C:\WampDeveloper\Websites\www.madiwin.com\webroot\app\Mage.php(684): Mage_Core_Model_App->run(Array)
#7 C:\WampDeveloper\Websites\www.madiwin.com\webroot\index.php(87): Mage::run('', 'store')
#8 {main}
2014-03-06T00:03:48+00:00 ERR (3): 
exception 'Exception' with message 'PayPal IPN postback failure. See paypal_unknown_ipn.log for details.' in C:\WampDeveloper\Websites\www.madiwin.com\webroot\app\code\core\Mage\Paypal\Model\Ipn.php:157
Stack trace:
#0 C:\WampDeveloper\Websites\www.madiwin.com\webroot\app\code\core\Mage\Paypal\Model\Ipn.php(114): Mage_Paypal_Model_Ipn->_postBack(Object(Varien_Http_Adapter_Curl))
#1 C:\WampDeveloper\Websites\www.madiwin.com\webroot\app\code\core\Mage\Paypal\controllers\IpnController.php(43): Mage_Paypal_Model_Ipn->processIpnRequest(Array, Object(Varien_Http_Adapter_Curl))
#2 C:\WampDeveloper\Websites\www.madiwin.com\webroot\app\code\core\Mage\Core\Controller\Varien\Action.php(418): Mage_Paypal_IpnController->indexAction()
#3 C:\WampDeveloper\Websites\www.madiwin.com\webroot\app\code\core\Mage\Core\Controller\Varien\Router\Standard.php(250): Mage_Core_Controller_Varien_Action->dispatch('index')
#4 C:\WampDeveloper\Websites\www.madiwin.com\webroot\app\code\core\Mage\Core\Controller\Varien\Front.php(172): Mage_Core_Controller_Varien_Router_Standard->match(Object(Mage_Core_Controller_Request_Http))
#5 C:\WampDeveloper\Websites\www.madiwin.com\webroot\app\code\core\Mage\Core\Model\App.php(354): Mage_Core_Controller_Varien_Front->dispatch()
#6 C:\WampDeveloper\Websites\www.madiwin.com\webroot\app\Mage.php(684): Mage_Core_Model_App->run(Array)
#7 C:\WampDeveloper\Websites\www.madiwin.com\webroot\index.php(87): Mage::run('', 'store')
#8 {main}
2014-03-06T00:05:11+00:00 ERR (3): 
exception 'Exception' with message 'PayPal IPN postback failure. See paypal_unknown_ipn.log for details.' in C:\WampDeveloper\Websites\www.madiwin.com\webroot\app\code\core\Mage\Paypal\Model\Ipn.php:157
Stack trace:
#0 C:\WampDeveloper\Websites\www.madiwin.com\webroot\app\code\core\Mage\Paypal\Model\Ipn.php(114): Mage_Paypal_Model_Ipn->_postBack(Object(Varien_Http_Adapter_Curl))
#1 C:\WampDeveloper\Websites\www.madiwin.com\webroot\app\code\core\Mage\Paypal\controllers\IpnController.php(43): Mage_Paypal_Model_Ipn->processIpnRequest(Array, Object(Varien_Http_Adapter_Curl))
#2 C:\WampDeveloper\Websites\www.madiwin.com\webroot\app\code\core\Mage\Core\Controller\Varien\Action.php(418): Mage_Paypal_IpnController->indexAction()
#3 C:\WampDeveloper\Websites\www.madiwin.com\webroot\app\code\core\Mage\Core\Controller\Varien\Router\Standard.php(250): Mage_Core_Controller_Varien_Action->dispatch('index')
#4 C:\WampDeveloper\Websites\www.madiwin.com\webroot\app\code\core\Mage\Core\Controller\Varien\Front.php(172): Mage_Core_Controller_Varien_Router_Standard->match(Object(Mage_Core_Controller_Request_Http))
#5 C:\WampDeveloper\Websites\www.madiwin.com\webroot\app\code\core\Mage\Core\Model\App.php(354): Mage_Core_Controller_Varien_Front->dispatch()
#6 C:\WampDeveloper\Websites\www.madiwin.com\webroot\app\Mage.php(684): Mage_Core_Model_App->run(Array)
#7 C:\WampDeveloper\Websites\www.madiwin.com\webroot\index.php(87): Mage::run('', 'store')
#8 {main}
2014-03-06T00:07:54+00:00 ERR (3): 
exception 'Exception' with message 'PayPal IPN postback failure. See paypal_unknown_ipn.log for details.' in C:\WampDeveloper\Websites\www.madiwin.com\webroot\app\code\core\Mage\Paypal\Model\Ipn.php:157
Stack trace:
#0 C:\WampDeveloper\Websites\www.madiwin.com\webroot\app\code\core\Mage\Paypal\Model\Ipn.php(114): Mage_Paypal_Model_Ipn->_postBack(Object(Varien_Http_Adapter_Curl))
#1 C:\WampDeveloper\Websites\www.madiwin.com\webroot\app\code\core\Mage\Paypal\controllers\IpnController.php(43): Mage_Paypal_Model_Ipn->processIpnRequest(Array, Object(Varien_Http_Adapter_Curl))
#2 C:\WampDeveloper\Websites\www.madiwin.com\webroot\app\code\core\Mage\Core\Controller\Varien\Action.php(418): Mage_Paypal_IpnController->indexAction()
#3 C:\WampDeveloper\Websites\www.madiwin.com\webroot\app\code\core\Mage\Core\Controller\Varien\Router\Standard.php(250): Mage_Core_Controller_Varien_Action->dispatch('index')
#4 C:\WampDeveloper\Websites\www.madiwin.com\webroot\app\code\core\Mage\Core\Controller\Varien\Front.php(172): Mage_Core_Controller_Varien_Router_Standard->match(Object(Mage_Core_Controller_Request_Http))
#5 C:\WampDeveloper\Websites\www.madiwin.com\webroot\app\code\core\Mage\Core\Model\App.php(354): Mage_Core_Controller_Varien_Front->dispatch()
#6 C:\WampDeveloper\Websites\www.madiwin.com\webroot\app\Mage.php(684): Mage_Core_Model_App->run(Array)
#7 C:\WampDeveloper\Websites\www.madiwin.com\webroot\index.php(87): Mage::run('', 'store')
#8 {main}
2014-03-06T00:13:16+00:00 ERR (3): 
exception 'Exception' with message 'PayPal IPN postback failure. See paypal_unknown_ipn.log for details.' in C:\WampDeveloper\Websites\www.madiwin.com\webroot\app\code\core\Mage\Paypal\Model\Ipn.php:157
Stack trace:
#0 C:\WampDeveloper\Websites\www.madiwin.com\webroot\app\code\core\Mage\Paypal\Model\Ipn.php(114): Mage_Paypal_Model_Ipn->_postBack(Object(Varien_Http_Adapter_Curl))
#1 C:\WampDeveloper\Websites\www.madiwin.com\webroot\app\code\core\Mage\Paypal\controllers\IpnController.php(43): Mage_Paypal_Model_Ipn->processIpnRequest(Array, Object(Varien_Http_Adapter_Curl))
#2 C:\WampDeveloper\Websites\www.madiwin.com\webroot\app\code\core\Mage\Core\Controller\Varien\Action.php(418): Mage_Paypal_IpnController->indexAction()
#3 C:\WampDeveloper\Websites\www.madiwin.com\webroot\app\code\core\Mage\Core\Controller\Varien\Router\Standard.php(250): Mage_Core_Controller_Varien_Action->dispatch('index')
#4 C:\WampDeveloper\Websites\www.madiwin.com\webroot\app\code\core\Mage\Core\Controller\Varien\Front.php(172): Mage_Core_Controller_Varien_Router_Standard->match(Object(Mage_Core_Controller_Request_Http))
#5 C:\WampDeveloper\Websites\www.madiwin.com\webroot\app\code\core\Mage\Core\Model\App.php(354): Mage_Core_Controller_Varien_Front->dispatch()
#6 C:\WampDeveloper\Websites\www.madiwin.com\webroot\app\Mage.php(684): Mage_Core_Model_App->run(Array)
#7 C:\WampDeveloper\Websites\www.madiwin.com\webroot\index.php(87): Mage::run('', 'store')
#8 {main}
2014-03-06T00:23:59+00:00 ERR (3): 
exception 'Exception' with message 'PayPal IPN postback failure. See paypal_unknown_ipn.log for details.' in C:\WampDeveloper\Websites\www.madiwin.com\webroot\app\code\core\Mage\Paypal\Model\Ipn.php:157
Stack trace:
#0 C:\WampDeveloper\Websites\www.madiwin.com\webroot\app\code\core\Mage\Paypal\Model\Ipn.php(114): Mage_Paypal_Model_Ipn->_postBack(Object(Varien_Http_Adapter_Curl))
#1 C:\WampDeveloper\Websites\www.madiwin.com\webroot\app\code\core\Mage\Paypal\controllers\IpnController.php(43): Mage_Paypal_Model_Ipn->processIpnRequest(Array, Object(Varien_Http_Adapter_Curl))
#2 C:\WampDeveloper\Websites\www.madiwin.com\webroot\app\code\core\Mage\Core\Controller\Varien\Action.php(418): Mage_Paypal_IpnController->indexAction()
#3 C:\WampDeveloper\Websites\www.madiwin.com\webroot\app\code\core\Mage\Core\Controller\Varien\Router\Standard.php(250): Mage_Core_Controller_Varien_Action->dispatch('index')
#4 C:\WampDeveloper\Websites\www.madiwin.com\webroot\app\code\core\Mage\Core\Controller\Varien\Front.php(172): Mage_Core_Controller_Varien_Router_Standard->match(Object(Mage_Core_Controller_Request_Http))
#5 C:\WampDeveloper\Websites\www.madiwin.com\webroot\app\code\core\Mage\Core\Model\App.php(354): Mage_Core_Controller_Varien_Front->dispatch()
#6 C:\WampDeveloper\Websites\www.madiwin.com\webroot\app\Mage.php(684): Mage_Core_Model_App->run(Array)
#7 C:\WampDeveloper\Websites\www.madiwin.com\webroot\index.php(87): Mage::run('', 'store')
#8 {main}
2014-03-06T00:45:23+00:00 ERR (3): 
exception 'Exception' with message 'PayPal IPN postback failure. See paypal_unknown_ipn.log for details.' in C:\WampDeveloper\Websites\www.madiwin.com\webroot\app\code\core\Mage\Paypal\Model\Ipn.php:157
Stack trace:
#0 C:\WampDeveloper\Websites\www.madiwin.com\webroot\app\code\core\Mage\Paypal\Model\Ipn.php(114): Mage_Paypal_Model_Ipn->_postBack(Object(Varien_Http_Adapter_Curl))
#1 C:\WampDeveloper\Websites\www.madiwin.com\webroot\app\code\core\Mage\Paypal\controllers\IpnController.php(43): Mage_Paypal_Model_Ipn->processIpnRequest(Array, Object(Varien_Http_Adapter_Curl))
#2 C:\WampDeveloper\Websites\www.madiwin.com\webroot\app\code\core\Mage\Core\Controller\Varien\Action.php(418): Mage_Paypal_IpnController->indexAction()
#3 C:\WampDeveloper\Websites\www.madiwin.com\webroot\app\code\core\Mage\Core\Controller\Varien\Router\Standard.php(250): Mage_Core_Controller_Varien_Action->dispatch('index')
#4 C:\WampDeveloper\Websites\www.madiwin.com\webroot\app\code\core\Mage\Core\Controller\Varien\Front.php(172): Mage_Core_Controller_Varien_Router_Standard->match(Object(Mage_Core_Controller_Request_Http))
#5 C:\WampDeveloper\Websites\www.madiwin.com\webroot\app\code\core\Mage\Core\Model\App.php(354): Mage_Core_Controller_Varien_Front->dispatch()
#6 C:\WampDeveloper\Websites\www.madiwin.com\webroot\app\Mage.php(684): Mage_Core_Model_App->run(Array)
#7 C:\WampDeveloper\Websites\www.madiwin.com\webroot\index.php(87): Mage::run('', 'store')
#8 {main}
